
> frontend@0.1.0 dev
> next dev --turbopack

   ▲ Next.js 15.3.0 (Turbopack)
   - Local:        http://localhost:3000
   - Network:      http://209.46.127.23:3000

 ✓ Starting...
 ✓ Ready in 1003ms
 ○ Compiling / ...
 ✓ Compiled / in 3.9s
 GET / 200 in 4232ms
 GET / 200 in 78ms
 ⚠ Cross origin request detected from 209.46.127.23 to /_next/* resource. In a future major version of Next.js, you will need to explicitly configure "allowedDevOrigins" in next.config to allow this.
Read more: https://nextjs.org/docs/app/api-reference/config/next-config-js/allowedDevOrigins
 ○ Compiling /favicon.ico ...
 ✓ Compiled /favicon.ico in 846ms
 GET /favicon.ico?favicon.45db1c09.ico 200 in 1103ms
 ✓ Compiled in 199ms
 ✓ Compiled / in 14ms
 GET / 200 in 124ms
 GET / 200 in 74ms
 GET /favicon.ico?favicon.45db1c09.ico 200 in 222ms
 GET / 200 in 53ms
 GET / 200 in 43ms
 GET /favicon.ico 200 in 225ms
 GET / 200 in 133ms
 GET / 200 in 59ms
 GET / 200 in 125ms
 GET / 200 in 34ms
 GET / 200 in 40ms
 GET / 200 in 35ms
 GET / 200 in 62ms
 GET /favicon.ico?favicon.45db1c09.ico 200 in 250ms
